Added Component: Designator=C26(SMD_0805)
Add component. Clean all parameters for all variants
Add component (AddParameter): Name = "Case"; Value = ""; VariantName = "[No Variations]"
Add component (AddParameter): Name = "Value"; Value = "0.1"; VariantName = "[No Variations]"
Added Component: Designator=C27(SMD_0805)
Add component. Clean all parameters for all variants
Add component (AddParameter): Name = "Case"; Value = ""; VariantName = "[No Variations]"
Add component (AddParameter): Name = "Value"; Value = "0.1"; VariantName = "[No Variations]"
Added Component: Designator=C28(SMD_0805)
Add component. Clean all parameters for all variants
Add component (AddParameter): Name = "Case"; Value = ""; VariantName = "[No Variations]"
Add component (AddParameter): Name = "Value"; Value = "0.1"; VariantName = "[No Variations]"
Added Component: Designator=C29(SMD_0805)
Add component. Clean all parameters for all variants
Add component (AddParameter): Name = "Case"; Value = ""; VariantName = "[No Variations]"
Add component (AddParameter): Name = "Value"; Value = "0.1"; VariantName = "[No Variations]"
Added Component: Designator=C30(SMD_0805)
Add component. Clean all parameters for all variants
Add component (AddParameter): Name = "Case"; Value = ""; VariantName = "[No Variations]"
Add component (AddParameter): Name = "Value"; Value = "0.1"; VariantName = "[No Variations]"
Added Component: Designator=U12(SOIC-16)
Add component. Clean all parameters for all variants
Added Component: Designator=XP10(MW-3M-2.0)
Add component. Clean all parameters for all variants
Added Component: Designator=XP11(HEAD-1/3/2.54)
Add component. Clean all parameters for all variants
Added Pin To Net: NetName=GND Pin=C26-2
Added Pin To Net: NetName=+3V3 Pin=C27-1
Added Pin To Net: NetName=GND Pin=C27-2
Added Pin To Net: NetName=GND Pin=C30-2
Added Pin To Net: NetName=GND Pin=U12-15
Added Pin To Net: NetName=+3V3 Pin=U12-16
Added Pin To Net: NetName=GND Pin=XP10-1
Added Pin To Net: NetName=GND Pin=XP11-3
Added Pin To Net: NetName=NetC26_1 Pin=C26-1
Added Pin To Net: NetName=NetC26_1 Pin=U12-2
Added Net: Name=NetC26_1
Added Pin To Net: NetName=NetC28_1 Pin=C28-1
Added Pin To Net: NetName=NetC28_1 Pin=U12-1
Added Net: Name=NetC28_1
Added Pin To Net: NetName=NetC28_2 Pin=C28-2
Added Pin To Net: NetName=NetC28_2 Pin=U12-3
Added Net: Name=NetC28_2
Added Pin To Net: NetName=NetC29_1 Pin=C29-1
Added Pin To Net: NetName=NetC29_1 Pin=U12-4
Added Net: Name=NetC29_1
Added Pin To Net: NetName=NetC29_2 Pin=C29-2
Added Pin To Net: NetName=NetC29_2 Pin=U12-5
Added Net: Name=NetC29_2
Added Pin To Net: NetName=NetC30_1 Pin=C30-1
Added Pin To Net: NetName=NetC30_1 Pin=U12-6
Added Net: Name=NetC30_1
Added Pin To Net: NetName=RS232-RX Pin=U12-7
Added Pin To Net: NetName=RS232-RX Pin=XP10-2
Added Net: Name=RS232-RX
Added Pin To Net: NetName=RS232-TX Pin=U12-8
Added Pin To Net: NetName=RS232-TX Pin=XP10-3
Added Net: Name=RS232-TX
Added Pin To Net: NetName=RX1 Pin=U12-9
Added Pin To Net: NetName=RX1 Pin=XP11-2
Added Net: Name=RX1
Added Pin To Net: NetName=TX1 Pin=U12-10
Added Pin To Net: NetName=TX1 Pin=XP11-1
Added Net: Name=TX1
Added Class: Name=RS232
Added Room: Name=RS232
Added Room: Name=RS485
Added Room: Name=SRS
