Change Component Footprint: Designator=XP4 Old Footprint=HEAD-1/2/2.54 New Footprint=MW-2M-2.0
Added Component: Designator=C25(SMD_0805)
Add component. Clean all parameters for all variants
Add component (AddParameter): Name = "Case"; Value = ""; VariantName = "[No Variations]"
Add component (AddParameter): Name = "Value"; Value = ""; VariantName = "[No Variations]"
Added Component: Designator=R56(SMD_0805)
Add component. Clean all parameters for all variants
Add component (AddParameter): Name = "Case"; Value = ""; VariantName = "[No Variations]"
Add component (AddParameter): Name = "Value"; Value = ""; VariantName = "[No Variations]"
Added Component: Designator=R57(SMD_0805)
Add component. Clean all parameters for all variants
Add component (AddParameter): Name = "Case"; Value = ""; VariantName = "[No Variations]"
Add component (AddParameter): Name = "Value"; Value = ""; VariantName = "[No Variations]"
Added Component: Designator=R60(SMD_0805)
Add component. Clean all parameters for all variants
Add component (AddParameter): Name = "Case"; Value = ""; VariantName = "[No Variations]"
Add component (AddParameter): Name = "Value"; Value = ""; VariantName = "[No Variations]"
Added Component: Designator=R61(SMD_0805)
Add component. Clean all parameters for all variants
Add component (AddParameter): Name = "Case"; Value = ""; VariantName = "[No Variations]"
Add component (AddParameter): Name = "Value"; Value = ""; VariantName = "[No Variations]"
Added Component: Designator=R62(SMD_0805)
Add component. Clean all parameters for all variants
Add component (AddParameter): Name = "Case"; Value = ""; VariantName = "[No Variations]"
Add component (AddParameter): Name = "Value"; Value = ""; VariantName = "[No Variations]"
Added Component: Designator=R63(SMD_0805)
Add component. Clean all parameters for all variants
Add component (AddParameter): Name = "Case"; Value = ""; VariantName = "[No Variations]"
Add component (AddParameter): Name = "Value"; Value = ""; VariantName = "[No Variations]"
Added Component: Designator=R64(SMD_0805)
Add component. Clean all parameters for all variants
Add component (AddParameter): Name = "Case"; Value = ""; VariantName = "[No Variations]"
Add component (AddParameter): Name = "Value"; Value = ""; VariantName = "[No Variations]"
Added Component: Designator=R65(SMD_0805)
Add component. Clean all parameters for all variants
Add component (AddParameter): Name = "Case"; Value = ""; VariantName = "[No Variations]"
Add component (AddParameter): Name = "Value"; Value = ""; VariantName = "[No Variations]"
Added Component: Designator=R66(SMD_0805)
Add component. Clean all parameters for all variants
Add component (AddParameter): Name = "Case"; Value = ""; VariantName = "[No Variations]"
Add component (AddParameter): Name = "Value"; Value = ""; VariantName = "[No Variations]"
Added Component: Designator=U10(SO8-150mil)
Add component. Clean all parameters for all variants
Added Component: Designator=XP8(MW-3M-2.0)
Add component. Clean all parameters for all variants
Added Component: Designator=XP9(HEAD-1/3/2.54)
Add component. Clean all parameters for all variants
Added Component: Designator=XS1(BH6)
Add component. Clean all parameters for all variants
Added Pin To Net: NetName=GND Pin=C25-1
Added Pin To Net: NetName=+5V Pin=C25-2
Added Pin To Net: NetName=GND Pin=R56-2
Added Pin To Net: NetName=+5V Pin=R63-1
Added Pin To Net: NetName=GND Pin=R65-1
Added Pin To Net: NetName=GND Pin=R66-1
Added Pin To Net: NetName=+5V Pin=U10-8
Added Pin To Net: NetName=GND Pin=XP8-1
Added Pin To Net: NetName=GND Pin=XS1-1
Added Pin To Net: NetName=GND Pin=XS1-2
Added Pin To Net: NetName=A_485 Pin=R60-2
Added Pin To Net: NetName=A_485 Pin=XP8-3
Added Net: Name=A_485
Added Pin To Net: NetName=B_485 Pin=R61-2
Added Pin To Net: NetName=B_485 Pin=XP8-2
Added Net: Name=B_485
Added Pin To Net: NetName=G_485 Pin=R65-2
Added Pin To Net: NetName=G_485 Pin=U10-5
Added Net: Name=G_485
Added Pin To Net: NetName=NetR56_1 Pin=R56-1
Added Pin To Net: NetName=NetR56_1 Pin=R60-1
Added Pin To Net: NetName=NetR56_1 Pin=R64-2
Added Pin To Net: NetName=NetR56_1 Pin=U10-7
Added Net: Name=NetR56_1
Added Pin To Net: NetName=NetR57_2 Pin=R57-2
Added Pin To Net: NetName=NetR57_2 Pin=XS1-3
Added Net: Name=NetR57_2
Added Pin To Net: NetName=NetR61_1 Pin=R61-1
Added Pin To Net: NetName=NetR61_1 Pin=R63-2
Added Pin To Net: NetName=NetR61_1 Pin=U10-6
Added Pin To Net: NetName=NetR61_1 Pin=XP9-3
Added Net: Name=NetR61_1
Added Pin To Net: NetName=NetR62_2 Pin=R62-2
Added Pin To Net: NetName=NetR62_2 Pin=XS1-5
Added Net: Name=NetR62_2
Added Pin To Net: NetName=NetR64_1 Pin=R64-1
Added Pin To Net: NetName=NetR64_1 Pin=XP9-2
Added Net: Name=NetR64_1
Added Pin To Net: NetName=NetU10_1 Pin=U10-1
Added Pin To Net: NetName=NetU10_1 Pin=XS1-4
Added Net: Name=NetU10_1
Added Pin To Net: NetName=NetU10_4 Pin=U10-4
Added Pin To Net: NetName=NetU10_4 Pin=XS1-6
Added Net: Name=NetU10_4
Added Pin To Net: NetName=RX Pin=R57-1
Added Net: Name=RX
Added Pin To Net: NetName=TX Pin=R62-1
Added Net: Name=TX
Added Class: Name=RS485
