Removed Pin From Net: NetName=RX1 Pin=U12-9
Removed Pin From Net: NetName=TX1 Pin=U12-10
Removed Pin From Net: NetName=GND Pin=XP11-3
Change Component Footprint: Designator=XP11 Old Footprint=HEAD-1/3/2.54 New Footprint=HEAD-1/4/2.54
Change Component Comment : Designator=XP11 Old Comment=CON_3 New Comment=CON_4
Added Component: Designator=R67(SMD_0805)
Add component. Clean all parameters for all variants
Add component (AddParameter): Name = "Case"; Value = ""; VariantName = "[No Variations]"
Add component (AddParameter): Name = "Value"; Value = ""; VariantName = "[No Variations]"
Added Component: Designator=R68(SMD_0805)
Add component. Clean all parameters for all variants
Add component (AddParameter): Name = "Case"; Value = ""; VariantName = "[No Variations]"
Add component (AddParameter): Name = "Value"; Value = ""; VariantName = "[No Variations]"
Added Pin To Net: NetName=TX1 Pin=R67-1
Added Pin To Net: NetName=RX1 Pin=R68-1
Added Pin To Net: NetName=GND Pin=XP11-4
Added Pin To Net: NetName=NetR67_2 Pin=R67-2
Added Pin To Net: NetName=NetR67_2 Pin=U12-10
Added Net: Name=NetR67_2
Added Pin To Net: NetName=NetR68_2 Pin=R68-2
Added Pin To Net: NetName=NetR68_2 Pin=U12-9
Added Net: Name=NetR68_2
Added Pin To Net: NetName=VCC Pin=XP11-3
Added Net: Name=VCC
Added Member To Class: ClassName=RS232 Member=Component R67 
Added Member To Class: ClassName=RS232 Member=Component R68 
